	SetSessionId:c0NnU19Xc1B1NlVDTGRocWZ4UEQ4OGtLN3BVcXBHV2NsVGVjbFg4eg==(17973)-----10:12:40
	SetCurrentPath:C:\Program Files (x86)\KSIGN\KCase(17980)-----10:12:40
	SetSessionId:WGkwa2FhNUZUdlp3UjluS3dmTFY4Q3NNMnVhekNnY3NTWmlDLUMzcQ==(17973)-----13:37:28
	SetCurrentPath:C:\Program Files (x86)\KSIGN\KCase(17980)-----13:37:28
	SetSessionId:cnFhLVFmVW9SY0JpYTlxa0pPNlFna3htUExCb0dzZEVVekR4UlhFUw==(17973)-----13:38:46
	SetCurrentPath:C:\Program Files (x86)\KSIGN\KCase(17980)-----13:38:46
	SetSessionId:RkMtbmZxcGtJbjBNM3UzdWJlcFpLeUFadlpmc0xkSmlRTXJ6MEU4bw==(17973)-----13:56:59
	SetCurrentPath:C:\Program Files (x86)\KSIGN\KCase(17980)-----13:56:59
	SetSessionId:WlVOVzZwVVkzSHZSM1BzS0NKZ29Ua3dCZjlRX3liTEVBTVhBWVViMw==(17973)-----14:32:46
	SetCurrentPath:C:\Program Files (x86)\KSIGN\KCase(17980)-----14:32:46
	SetSessionId:ZUpXTFIzYkU0VEJSQXNtQVFLU181N2thVHNjbG5NeFBNaVhxZmZXOA==(17973)-----13:25:22
	SetCurrentPath:C:\Program Files (x86)\KSIGN\KCase(17980)-----13:25:22
	SetSessionId:SXNacmJaY0xoWGlUbmRHYzRzU3VSc0RxdC1pZ2lXYlpHZEZ3bnRmTQ==(17973)-----8:23:28
	SetCurrentPath:C:\Program Files (x86)\KSIGN\KCase(17980)-----8:23:28
	SetSessionId:NVhjbFZXTUtuQjg1VXJYU2pWemNtdmVsVks4b3dTZVI0bjBDdzRRYg==(17973)-----10:35:22
	SetCurrentPath:C:\Program Files (x86)\KSIGN\KCase(17980)-----10:35:22
	SetSessionId:M2JOQnB2XzJGYnhrVk5RbUhyZW43MTBvNnJYdjdwN210NkpEem5HXw==(17973)-----10:43:47
	SetCurrentPath:C:\Program Files (x86)\KSIGN\KCase(17980)-----10:43:47
	SetSessionId:U0JnbTlJM3R0MVVwZ2xWeXppZ0QtUHg2VHBYMlA4ZVg0Zmx1N1pSRQ==(17973)-----8:34:31
	SetCurrentPath:C:\Program Files (x86)\KSIGN\KCase(17980)-----8:34:31
	SetSessionId:YUllT3NUWlVfUWpyN19KWlJHcUJxODZ6N0RXRXlRVzRvMjhUV3ZUWA==(17973)-----10:34:45
	SetCurrentPath:C:\Program Files (x86)\KSIGN\KCase(17980)-----10:34:45
	SetSessionId:eXV6RzJDX2RURHo2NlIwZnVoaDM3a0w0OXZhV0cwSGpMV2VBOUlaZQ==(17973)-----13:12:12
	SetCurrentPath:C:\Program Files (x86)\KSIGN\KCase(17980)-----13:12:12
	SetSessionId:VmVpSDd2T2lvSk5kY2FheldQcUFzVW1VNnVqQkJVV3pLWXJzSUlJUQ==(17973)-----8:31:30
	SetCurrentPath:C:\Program Files (x86)\KSIGN\KCase(17980)-----8:31:30
	SetSessionId:b0RrdjFab0xNNFNhWXhNYWFWcWZtR1FUSEVLdnFTV2Npd3FFSVdMbw==(17973)-----8:31:10
	SetCurrentPath:C:\Program Files (x86)\KSIGN\KCase(17980)-----8:31:10
	SetSessionId:RDYxeVppUkF6UDQtVTMyY3BKTXVic2VXSUVYWTdoS3plWHg5aTNRXw==(17973)-----10:35:37
	SetCurrentPath:C:\Program Files (x86)\KSIGN\KCase(17980)-----10:35:37
	SetSessionId:Ymw2SWVxZHpJeGsxSS05SU5YeEdrbkdsb2JtUDIxWVk2ZEJURFZWbw==(17973)-----11:31:46
	SetCurrentPath:C:\Program Files (x86)\KSIGN\KCase(17980)-----11:31:46
	SetSessionId:Q25yQ0hwQk5YOVM3QU5Yc3g3SGJXbGc0Zkh0TGQ2WnZNc2dTWFMyTw==(17973)-----14:11:49
	SetCurrentPath:C:\Program Files (x86)\KSIGN\KCase(17980)-----14:11:49
	SetSessionId:eDlqZlBjZ1FRQnY5ODhTS05aN29SZ1kzZlVReXdLS3ZXQmFNQ0dBQQ==(17973)-----13:23:53
	SetCurrentPath:C:\Program Files (x86)\KSIGN\KCase(17980)-----13:23:53
	SetSessionId:MENVZXAybE5aY01VMlJROFhjck1sMDV4R2p5VTJReGVscGF3a2hzTg==(17973)-----8:31:9
	SetCurrentPath:C:\Program Files (x86)\KSIGN\KCase(17980)-----8:31:9
	SetSessionId:NVVrT0VVWUxVOEVzRTl0RS0yRGJ4bHpZMjY3LTFhdUFsZDR5SHRmcA==(17973)-----10:32:51
	SetCurrentPath:C:\Program Files (x86)\KSIGN\KCase(17980)-----10:32:51
	SetSessionId:Y0hpOGFMWUZ4VDlTbUJXeTBGRVBKNHViWnJKcVo2Z2lnZHVmYUc5Wg==(17973)-----13:25:40
	SetCurrentPath:C:\Program Files (x86)\KSIGN\KCase(17980)-----13:25:40
	SetSessionId:MkktNGRyWUtiLVdzUUdDbHBwNFR2OXgwMFJHLThKUmJSVjZ6UnU3dw==(17973)-----10:35:20
	SetCurrentPath:C:\Program Files (x86)\KSIGN\KCase(17980)-----10:35:20
	SetSessionId:clp0Rzd3RHNIbEFxZF9LaEppWi1UcTdiQ3FWVTRXUExPWlVRN3FPdA==(17973)-----8:42:35
	SetCurrentPath:C:\Program Files (x86)\KSIGN\KCase(17980)-----8:42:35
	SetSessionId:VzAwcTJNdHROMkNBZzhoMVUtNTdPZTY0VnFZWEFnVHRacFRVOUlsYg==(17973)-----8:31:14
	SetCurrentPath:C:\Program Files (x86)\KSIGN\KCase(17980)-----8:31:14
	SetSessionId:SldYVk1vUzYtendXQnpfN05lWUZ4b3U5d1dPMTFtZHNqSndJZjFEUA==(17973)-----10:30:49
	SetCurrentPath:C:\Program Files (x86)\KSIGN\KCase(17980)-----10:30:49
	SetSessionId:MTdiTGpsMHktZWtLMi1sa0ZpdXlldUZvaTF5a1BLZGZQTEtYNlFIMA==(17973)-----11:33:2
	SetCurrentPath:C:\Program Files (x86)\KSIGN\KCase(17980)-----11:33:2
	SetSessionId:enJIdWxma2lUZ19zSlFNZ0ZXV2VPMzZNNVMxLXExVURBOVB6ekJzRg==(17973)-----13:23:27
	SetCurrentPath:C:\Program Files (x86)\KSIGN\KCase(17980)-----13:23:27
	SetSessionId:cHR1cTdEVHR5TWRHRnhyNUN4OVBJWXRmbWZibExzWlk1RDQ5WGFQYg==(17973)-----10:31:12
	SetCurrentPath:C:\Program Files (x86)\KSIGN\KCase(17980)-----10:31:12
	SetSessionId:Mk5uTFp6cHNfQ0YzUVhnMGpnNU45M0FNb0NVZG9wV1FkQW9sZC1ZVw==(17973)-----8:39:26
	SetCurrentPath:C:\Program Files (x86)\KSIGN\KCase(17980)-----8:39:26
	SetSessionId:Q0VlbC16MEw2WWdsOGVNQXZreC1sMXFzSGxTdTNnNkJEdXZrOF9CRg==(17973)-----10:34:43
	SetCurrentPath:C:\Program Files (x86)\KSIGN\KCase(17980)-----10:34:43
